<?xml version="1.0" encoding="UTF-8"?>
<testsuite xmlns:xsi="http://www.w3.org/2001/XMLSchema-instance" xsi:noNamespaceSchemaLocation="https://maven.apache.org/surefire/maven-surefire-plugin/xsd/surefire-test-report.xsd" name="com.driver.test.TestCases" time="0.018" tests="15" errors="0" skipped="0" failures="0">
  <properties>
    <property name="java.specification.version" value="18"/>
    <property name="sun.jnu.encoding" value="UTF-8"/>
    <property name="java.class.path" value="/Users/kanhaiyamohan/Desktop/Accio_Backend/banking-solution/target/test-classes:/Users/kanhaiyamohan/Desktop/Accio_Backend/banking-solution/target/classes:/Users/kanhaiyamohan/.m2/repository/org/junit/jupiter/junit-jupiter/5.8.1/junit-jupiter-5.8.1.jar:/Users/kanhaiyamohan/.m2/repository/org/junit/jupiter/junit-jupiter-api/5.8.1/junit-jupiter-api-5.8.1.jar:/Users/kanhaiyamohan/.m2/repository/org/opentest4j/opentest4j/1.2.0/opentest4j-1.2.0.jar:/Users/kanhaiyamohan/.m2/repository/org/junit/platform/junit-platform-commons/1.8.1/junit-platform-commons-1.8.1.jar:/Users/kanhaiyamohan/.m2/repository/org/apiguardian/apiguardian-api/1.1.2/apiguardian-api-1.1.2.jar:/Users/kanhaiyamohan/.m2/repository/org/junit/jupiter/junit-jupiter-params/5.8.1/junit-jupiter-params-5.8.1.jar:/Users/kanhaiyamohan/.m2/repository/org/junit/jupiter/junit-jupiter-engine/5.8.1/junit-jupiter-engine-5.8.1.jar:/Users/kanhaiyamohan/.m2/repository/org/junit/platform/junit-platform-engine/1.8.1/junit-platform-engine-1.8.1.jar:/Users/kanhaiyamohan/.m2/repository/junit/junit/4.8.1/junit-4.8.1.jar:"/>
    <property name="java.vm.vendor" value="Amazon.com Inc."/>
    <property name="sun.arch.data.model" value="64"/>
    <property name="java.vendor.url" value="https://aws.amazon.com/corretto/"/>
    <property name="os.name" value="Mac OS X"/>
    <property name="java.vm.specification.version" value="18"/>
    <property name="sun.java.launcher" value="SUN_STANDARD"/>
    <property name="user.country" value="IN"/>
    <property name="sun.boot.library.path" value="/Users/kanhaiyamohan/Library/Java/JavaVirtualMachines/corretto-18.0.2/Contents/Home/lib"/>
    <property name="sun.java.command" value="/Users/kanhaiyamohan/Desktop/Accio_Backend/banking-solution/target/surefire/surefirebooter8774228644758711221.jar /Users/kanhaiyamohan/Desktop/Accio_Backend/banking-solution/target/surefire 2022-12-29T21-25-22_946-jvmRun1 surefire17449963592649772663tmp surefire_08057051515236417399tmp"/>
    <property name="http.nonProxyHosts" value="local|*.local|169.254/16|*.169.254/16"/>
    <property name="jdk.debug" value="release"/>
    <property name="surefire.test.class.path" value="/Users/kanhaiyamohan/Desktop/Accio_Backend/banking-solution/target/test-classes:/Users/kanhaiyamohan/Desktop/Accio_Backend/banking-solution/target/classes:/Users/kanhaiyamohan/.m2/repository/org/junit/jupiter/junit-jupiter/5.8.1/junit-jupiter-5.8.1.jar:/Users/kanhaiyamohan/.m2/repository/org/junit/jupiter/junit-jupiter-api/5.8.1/junit-jupiter-api-5.8.1.jar:/Users/kanhaiyamohan/.m2/repository/org/opentest4j/opentest4j/1.2.0/opentest4j-1.2.0.jar:/Users/kanhaiyamohan/.m2/repository/org/junit/platform/junit-platform-commons/1.8.1/junit-platform-commons-1.8.1.jar:/Users/kanhaiyamohan/.m2/repository/org/apiguardian/apiguardian-api/1.1.2/apiguardian-api-1.1.2.jar:/Users/kanhaiyamohan/.m2/repository/org/junit/jupiter/junit-jupiter-params/5.8.1/junit-jupiter-params-5.8.1.jar:/Users/kanhaiyamohan/.m2/repository/org/junit/jupiter/junit-jupiter-engine/5.8.1/junit-jupiter-engine-5.8.1.jar:/Users/kanhaiyamohan/.m2/repository/org/junit/platform/junit-platform-engine/1.8.1/junit-platform-engine-1.8.1.jar:/Users/kanhaiyamohan/.m2/repository/junit/junit/4.8.1/junit-4.8.1.jar:"/>
    <property name="sun.cpu.endian" value="little"/>
    <property name="user.home" value="/Users/kanhaiyamohan"/>
    <property name="user.language" value="en"/>
    <property name="java.specification.vendor" value="Oracle Corporation"/>
    <property name="java.version.date" value="2022-07-19"/>
    <property name="java.home" value="/Users/kanhaiyamohan/Library/Java/JavaVirtualMachines/corretto-18.0.2/Contents/Home"/>
    <property name="file.separator" value="/"/>
    <property name="basedir" value="/Users/kanhaiyamohan/Desktop/Accio_Backend/banking-solution"/>
    <property name="java.vm.compressedOopsMode" value="Zero based"/>
    <property name="line.separator" value="&#10;"/>
    <property name="java.vm.specification.vendor" value="Oracle Corporation"/>
    <property name="java.specification.name" value="Java Platform API Specification"/>
    <property name="apple.awt.application.name" value="ForkedBooter"/>
    <property name="surefire.real.class.path" value="/Users/kanhaiyamohan/Desktop/Accio_Backend/banking-solution/target/surefire/surefirebooter8774228644758711221.jar"/>
    <property name="sun.management.compiler" value="HotSpot 64-Bit Tiered Compilers"/>
    <property name="ftp.nonProxyHosts" value="local|*.local|169.254/16|*.169.254/16"/>
    <property name="java.runtime.version" value="18.0.2+9-FR"/>
    <property name="user.name" value="kanhaiyamohan"/>
    <property name="path.separator" value=":"/>
    <property name="os.version" value="13.1"/>
    <property name="java.runtime.name" value="OpenJDK Runtime Environment"/>
    <property name="file.encoding" value="UTF-8"/>
    <property name="java.vm.name" value="OpenJDK 64-Bit Server VM"/>
    <property name="java.vendor.version" value="Corretto-18.0.2.9.1"/>
    <property name="localRepository" value="/Users/kanhaiyamohan/.m2/repository"/>
    <property name="java.vendor.url.bug" value="https://github.com/corretto/corretto-18/issues/"/>
    <property name="java.io.tmpdir" value="/var/folders/80/5lvv07p50vs6y_7bswn4rbnm0000gn/T/"/>
    <property name="idea.version" value="2022.2.3"/>
    <property name="java.version" value="18.0.2"/>
    <property name="user.dir" value="/Users/kanhaiyamohan/Desktop/Accio_Backend/banking-solution"/>
    <property name="os.arch" value="aarch64"/>
    <property name="java.vm.specification.name" value="Java Virtual Machine Specification"/>
    <property name="native.encoding" value="US-ASCII"/>
    <property name="java.library.path" value="/Users/kanhaiyamohan/Library/Java/Extensions:/Library/Java/Extensions:/Network/Library/Java/Extensions:/System/Library/Java/Extensions:/usr/lib/java:."/>
    <property name="java.vm.info" value="mixed mode, sharing"/>
    <property name="java.vendor" value="Amazon.com Inc."/>
    <property name="java.vm.version" value="18.0.2+9-FR"/>
    <property name="sun.io.unicode.encoding" value="UnicodeBig"/>
    <property name="socksNonProxyHosts" value="local|*.local|169.254/16|*.169.254/16"/>
    <property name="java.class.version" value="62.0"/>
  </properties>
  <testcase name="testCurrentAccount1" classname="com.driver.test.TestCases" time="0.005"/>
  <testcase name="testCurrentAccount2" classname="com.driver.test.TestCases" time="0"/>
  <testcase name="testCurrentAccount3" classname="com.driver.test.TestCases" time="0"/>
  <testcase name="testCurrentAccount4" classname="com.driver.test.TestCases" time="0"/>
  <testcase name="testCurrentAccount5" classname="com.driver.test.TestCases" time="0.003"/>
  <testcase name="testBankAccount1" classname="com.driver.test.TestCases" time="0.001"/>
  <testcase name="testBankAccount2" classname="com.driver.test.TestCases" time="0"/>
  <testcase name="testBankAccount3" classname="com.driver.test.TestCases" time="0"/>
  <testcase name="testBankAccount4" classname="com.driver.test.TestCases" time="0.002"/>
  <testcase name="testBankAccount5" classname="com.driver.test.TestCases" time="0"/>
  <testcase name="testStudentAccount" classname="com.driver.test.TestCases" time="0.001"/>
  <testcase name="testSavingsAccount1" classname="com.driver.test.TestCases" time="0"/>
  <testcase name="testSavingsAccount2" classname="com.driver.test.TestCases" time="0"/>
  <testcase name="testSavingsAccount3" classname="com.driver.test.TestCases" time="0.001"/>
  <testcase name="testSavingsAccount4" classname="com.driver.test.TestCases" time="0"/>
</testsuite>